<?xml version="1.0" encoding="UTF-8"?>
<testng-results ignored="0" total="6" passed="6" failed="0" skipped="0">
  <reporter-output>
  </reporter-output>
  <suite started-at="2021-07-18T11:27:39 IST" name="Command line suite" finished-at="2021-07-18T11:27:39 IST" duration-ms="91">
    <groups>
    </groups>
    <test started-at="2021-07-18T11:27:39 IST" name="Command line test" finished-at="2021-07-18T11:27:39 IST" duration-ms="91">
      <class name="qaclickacademy.AppiumTest">
        <test-method signature="IOSApps()[pri:0, instance:qaclickacademy.AppiumTest@51b279c9]" started-at="2021-07-18T11:27:39 IST" name="IOSApps" finished-at="2021-07-18T11:27:39 IST" duration-ms="8" status="PASS">
          <reporter-output>
          </reporter-output>
        </test-method> <!-- IOSApps -->
        <test-method signature="NativeAppAndriod()[pri:0, instance:qaclickacademy.AppiumTest@51b279c9]" started-at="2021-07-18T11:27:39 IST" name="NativeAppAndriod" finished-at="2021-07-18T11:27:39 IST" duration-ms="1" status="PASS">
          <reporter-output>
          </reporter-output>
        </test-method> <!-- NativeAppAndriod -->
      </class> <!-- qaclickacademy.AppiumTest -->
      <class name="qaclickacademy.RestAPITest">
        <test-method signature="deleteTwitter()[pri:0, instance:qaclickacademy.RestAPITest@17695df3]" started-at="2021-07-18T11:27:39 IST" name="deleteTwitter" finished-at="2021-07-18T11:27:39 IST" duration-ms="1" status="PASS">
          <reporter-output>
          </reporter-output>
        </test-method> <!-- deleteTwitter -->
        <test-method signature="postJira()[pri:0, instance:qaclickacademy.RestAPITest@17695df3]" started-at="2021-07-18T11:27:39 IST" name="postJira" finished-at="2021-07-18T11:27:39 IST" duration-ms="1" status="PASS">
          <reporter-output>
          </reporter-output>
        </test-method> <!-- postJira -->
      </class> <!-- qaclickacademy.RestAPITest -->
      <class name="qaclickacademy.SeleniumTest">
        <test-method signature="BrowserAutomation()[pri:0, instance:qaclickacademy.SeleniumTest@6c9f5c0d]" started-at="2021-07-18T11:27:39 IST" name="BrowserAutomation" finished-at="2021-07-18T11:27:39 IST" duration-ms="0" status="PASS">
          <reporter-output>
          </reporter-output>
        </test-method> <!-- BrowserAutomation -->
        <test-method signature="elementsUI()[pri:0, instance:qaclickacademy.SeleniumTest@6c9f5c0d]" started-at="2021-07-18T11:27:39 IST" name="elementsUI" finished-at="2021-07-18T11:27:39 IST" duration-ms="1" status="PASS">
          <reporter-output>
          </reporter-output>
        </test-method> <!-- elementsUI -->
      </class> <!-- qaclickacademy.SeleniumTest -->
    </test> <!-- Command line test -->
  </suite> <!-- Command line suite -->
</testng-results>
